<?xml version="1.0" encoding="UTF-8"?>
<testsuite name="com.ceiba.coffee.controller.CoffeeCommandControllerTest" tests="3" skipped="0" failures="0" errors="0" timestamp="2021-05-10T21:55:07" hostname="JOHNY-SOTO" time="0.588">
  <properties/>
  <testcase name="create" classname="com.ceiba.coffee.controller.CoffeeCommandControllerTest" time="0.573"/>
  <testcase name="delete" classname="com.ceiba.coffee.controller.CoffeeCommandControllerTest" time="0.007"/>
  <testcase name="update" classname="com.ceiba.coffee.controller.CoffeeCommandControllerTest" time="0.006"/>
  <system-out><![CDATA[16:55:02.334 [Test worker] DEBUG org.springframework.test.context.junit4.SpringJUnit4ClassRunner - SpringJUnit4ClassRunner constructor called with [class com.ceiba.coffee.controller.CoffeeCommandControllerTest]
16:55:02.349 [Test worker] DEBUG org.springframework.test.context.BootstrapUtils - Instantiating CacheAwareContextLoaderDelegate from class [org.springframework.test.context.cache.DefaultCacheAwareContextLoaderDelegate]
16:55:02.369 [Test worker] DEBUG org.springframework.test.context.BootstrapUtils - Instantiating BootstrapContext using constructor [public org.springframework.test.context.support.DefaultBootstrapContext(java.lang.Class,org.springframework.test.context.CacheAwareContextLoaderDelegate)]
16:55:02.451 [Test worker] DEBUG org.springframework.test.context.BootstrapUtils - Instantiating TestContextBootstrapper for test class [com.ceiba.coffee.controller.CoffeeCommandControllerTest] from class [org.springframework.boot.test.autoconfigure.web.servlet.WebMvcTestContextBootstrapper]
16:55:02.509 [Test worker] DEBUG org.springframework.test.context.support.AbstractContextLoader - Did not detect default resource location for test class [com.ceiba.coffee.controller.CoffeeCommandControllerTest]: class path resource [com/ceiba/coffee/controller/CoffeeCommandControllerTest-context.xml] does not exist
16:55:02.510 [Test worker] DEBUG org.springframework.test.context.support.AbstractContextLoader - Did not detect default resource location for test class [com.ceiba.coffee.controller.CoffeeCommandControllerTest]: class path resource [com/ceiba/coffee/controller/CoffeeCommandControllerTestContext.groovy] does not exist
16:55:02.511 [Test worker] INFO org.springframework.test.context.support.AbstractContextLoader - Could not detect default resource locations for test class [com.ceiba.coffee.controller.CoffeeCommandControllerTest]: no resource found for suffixes {-context.xml, Context.groovy}.
16:55:02.626 [Test worker] DEBUG org.springframework.test.context.support.ActiveProfilesUtils - Could not find an 'annotation declaring class' for annotation type [org.springframework.test.context.ActiveProfiles] and class [com.ceiba.coffee.controller.CoffeeCommandControllerTest]
16:55:02.634 [Test worker] DEBUG org.springframework.boot.test.autoconfigure.web.servlet.WebMvcTestContextBootstrapper - @TestExecutionListeners is not present for class [com.ceiba.coffee.controller.CoffeeCommandControllerTest]: using defaults.
16:55:02.634 [Test worker] INFO org.springframework.boot.test.autoconfigure.web.servlet.WebMvcTestContextBootstrapper - Loaded default TestExecutionListener class names from location [META-INF/spring.factories]: [org.springframework.boot.test.autoconfigure.restdocs.RestDocsTestExecutionListener, org.springframework.boot.test.autoconfigure.web.client.MockRestServiceServerResetTestExecutionListener, org.springframework.boot.test.autoconfigure.web.servlet.MockMvcPrintOnlyOnFailureTestExecutionListener, org.springframework.boot.test.autoconfigure.web.servlet.WebDriverTestExecutionListener, org.springframework.boot.test.mock.mockito.MockitoTestExecutionListener, org.springframework.boot.test.mock.mockito.ResetMocksTestExecutionListener, org.springframework.test.context.web.ServletTestExecutionListener, org.springframework.test.context.support.DirtiesContextBeforeModesTestExecutionListener, org.springframework.test.context.support.DependencyInjectionTestExecutionListener, org.springframework.test.context.support.DirtiesContextTestExecutionListener, org.springframework.test.context.transaction.TransactionalTestExecutionListener, org.springframework.test.context.jdbc.SqlScriptsTestExecutionListener, org.springframework.test.context.event.EventPublishingTestExecutionListener]
16:55:02.669 [Test worker] INFO org.springframework.boot.test.autoconfigure.web.servlet.WebMvcTestContextBootstrapper - Using TestExecutionListeners: [org.springframework.test.context.web.ServletTestExecutionListener@e86a736, org.springframework.test.context.support.DirtiesContextBeforeModesTestExecutionListener@2b08f54f, org.springframework.boot.test.mock.mockito.MockitoTestExecutionListener@3934f607, org.springframework.boot.test.autoconfigure.SpringBootDependencyInjectionTestExecutionListener@7523cff9, org.springframework.test.context.support.DirtiesContextTestExecutionListener@4e27797c, org.springframework.test.context.transaction.TransactionalTestExecutionListener@22695f7a, org.springframework.test.context.jdbc.SqlScriptsTestExecutionListener@3c7301fe, org.springframework.test.context.event.EventPublishingTestExecutionListener@57c45d8e, org.springframework.boot.test.autoconfigure.restdocs.RestDocsTestExecutionListener@225d3293, org.springframework.boot.test.autoconfigure.web.client.MockRestServiceServerResetTestExecutionListener@4a273b2d, org.springframework.boot.test.autoconfigure.web.servlet.MockMvcPrintOnlyOnFailureTestExecutionListener@6effbf66, org.springframework.boot.test.autoconfigure.web.servlet.WebDriverTestExecutionListener@1b22a71a, org.springframework.boot.test.mock.mockito.ResetMocksTestExecutionListener@50a0c747]
16:55:02.676 [Test worker] DEBUG org.springframework.test.annotation.ProfileValueUtils - Retrieved @ProfileValueSourceConfiguration [null] for test class [com.ceiba.coffee.controller.CoffeeCommandControllerTest]
16:55:02.677 [Test worker] DEBUG org.springframework.test.annotation.ProfileValueUtils - Retrieved ProfileValueSource type [class org.springframework.test.annotation.SystemProfileValueSource] for class [com.ceiba.coffee.controller.CoffeeCommandControllerTest]
16:55:02.681 [Test worker] DEBUG org.springframework.test.annotation.ProfileValueUtils - Retrieved @ProfileValueSourceConfiguration [null] for test class [com.ceiba.coffee.controller.CoffeeCommandControllerTest]
16:55:02.681 [Test worker] DEBUG org.springframework.test.annotation.ProfileValueUtils - Retrieved ProfileValueSource type [class org.springframework.test.annotation.SystemProfileValueSource] for class [com.ceiba.coffee.controller.CoffeeCommandControllerTest]
16:55:02.682 [Test worker] DEBUG org.springframework.test.annotation.ProfileValueUtils - Retrieved @ProfileValueSourceConfiguration [null] for test class [com.ceiba.coffee.controller.CoffeeCommandControllerTest]
16:55:02.683 [Test worker] DEBUG org.springframework.test.annotation.ProfileValueUtils - Retrieved ProfileValueSource type [class org.springframework.test.annotation.SystemProfileValueSource] for class [com.ceiba.coffee.controller.CoffeeCommandControllerTest]
16:55:02.691 [Test worker] DEBUG org.springframework.test.context.support.AbstractDirtiesContextTestExecutionListener - Before test class: context [DefaultTestContext@79d0642 testClass = CoffeeCommandControllerTest, testInstance = [null], testMethod = [null], testException = [null], mergedContextConfiguration = [WebMergedContextConfiguration@1237c366 testClass = CoffeeCommandControllerTest, locations = '{}', classes = '{class com.ceiba.ApplicationMock}', contextInitializerClasses = '[]', activeProfiles = '{}', propertySourceLocations = '{}', propertySourceProperties = '{org.springframework.boot.test.autoconfigure.web.servlet.WebMvcTestContextBootstrapper=true}', contextCustomizers = set[org.springframework.boot.test.autoconfigure.OverrideAutoConfigurationContextCustomizerFactory$DisableAutoConfigurationContextCustomizer@1ec06c4c, org.springframework.boot.test.autoconfigure.filter.TypeExcludeFiltersContextCustomizer@4f8adff8, org.springframework.boot.test.autoconfigure.properties.PropertyMappingContextCustomizer@144334aa, org.springframework.boot.test.autoconfigure.web.servlet.WebDriverContextCustomizerFactory$Customizer@4d57c76d, [ImportsContextCustomizer@6c0af5c5 key = [org.springframework.boot.autoconfigure.cache.CacheAutoConfiguration, org.springframework.boot.autoconfigure.context.MessageSourceAutoConfiguration, org.springframework.boot.autoconfigure.data.web.SpringDataWebAutoConfiguration, org.springframework.boot.autoconfigure.freemarker.FreeMarkerAutoConfiguration, org.springframework.boot.autoconfigure.groovy.template.GroovyTemplateAutoConfiguration, org.springframework.boot.autoconfigure.gson.GsonAutoConfiguration, org.springframework.boot.autoconfigure.hateoas.HypermediaAutoConfiguration, org.springframework.boot.autoconfigure.http.HttpMessageConvertersAutoConfiguration, org.springframework.boot.autoconfigure.jackson.JacksonAutoConfiguration, org.springframework.boot.autoconfigure.jsonb.JsonbAutoConfiguration, org.springframework.boot.autoconfigure.mustache.MustacheAutoConfiguration, org.springframework.boot.autoconfigure.task.TaskExecutionAutoConfiguration, org.springframework.boot.autoconfigure.thymeleaf.ThymeleafAutoConfiguration, org.springframework.boot.autoconfigure.validation.ValidationAutoConfiguration, org.springframework.boot.autoconfigure.web.servlet.error.ErrorMvcAutoConfiguration, org.springframework.boot.autoconfigure.web.servlet.WebMvcAutoConfiguration, org.springframework.boot.test.autoconfigure.web.servlet.MockMvcAutoConfiguration, org.springframework.boot.test.autoconfigure.web.servlet.MockMvcWebClientAutoConfiguration, org.springframework.boot.test.autoconfigure.web.servlet.MockMvcWebDriverAutoConfiguration, org.springframework.boot.autoconfigure.security.servlet.SecurityAutoConfiguration, org.springframework.boot.autoconfigure.security.servlet.UserDetailsServiceAutoConfiguration, org.springframework.boot.test.autoconfigure.web.servlet.MockMvcSecurityConfiguration]], org.springframework.boot.test.context.filter.ExcludeFilterContextCustomizer@74c469b, org.springframework.boot.test.json.DuplicateJsonObjectContextCustomizerFactory$DuplicateJsonObjectContextCustomizer@1e74a873, org.springframework.boot.test.mock.mockito.MockitoContextCustomizer@0], resourceBasePath = 'src/main/webapp', contextLoader = 'org.springframework.boot.test.context.SpringBootContextLoader', parent = [null]], attributes = map[[empty]]], class annotated with @DirtiesContext [false] with mode [null].
16:55:02.694 [Test worker] DEBUG org.springframework.test.annotation.ProfileValueUtils - Retrieved @ProfileValueSourceConfiguration [null] for test class [com.ceiba.coffee.controller.CoffeeCommandControllerTest]
16:55:02.694 [Test worker] DEBUG org.springframework.test.annotation.ProfileValueUtils - Retrieved ProfileValueSource type [class org.springframework.test.annotation.SystemProfileValueSource] for class [com.ceiba.coffee.controller.CoffeeCommandControllerTest]
16:55:02.705 [Test worker] DEBUG org.springframework.test.context.support.DependencyInjectionTestExecutionListener - Performing dependency injection for test context [[DefaultTestContext@79d0642 testClass = CoffeeCommandControllerTest, testInstance = com.ceiba.coffee.controller.CoffeeCommandControllerTest@fa7544c, testMethod = [null], testException = [null], mergedContextConfiguration = [WebMergedContextConfiguration@1237c366 testClass = CoffeeCommandControllerTest, locations = '{}', classes = '{class com.ceiba.ApplicationMock}', contextInitializerClasses = '[]', activeProfiles = '{}', propertySourceLocations = '{}', propertySourceProperties = '{org.springframework.boot.test.autoconfigure.web.servlet.WebMvcTestContextBootstrapper=true}', contextCustomizers = set[org.springframework.boot.test.autoconfigure.OverrideAutoConfigurationContextCustomizerFactory$DisableAutoConfigurationContextCustomizer@1ec06c4c, org.springframework.boot.test.autoconfigure.filter.TypeExcludeFiltersContextCustomizer@4f8adff8, org.springframework.boot.test.autoconfigure.properties.PropertyMappingContextCustomizer@144334aa, org.springframework.boot.test.autoconfigure.web.servlet.WebDriverContextCustomizerFactory$Customizer@4d57c76d, [ImportsContextCustomizer@6c0af5c5 key = [org.springframework.boot.autoconfigure.cache.CacheAutoConfiguration, org.springframework.boot.autoconfigure.context.MessageSourceAutoConfiguration, org.springframework.boot.autoconfigure.data.web.SpringDataWebAutoConfiguration, org.springframework.boot.autoconfigure.freemarker.FreeMarkerAutoConfiguration, org.springframework.boot.autoconfigure.groovy.template.GroovyTemplateAutoConfiguration, org.springframework.boot.autoconfigure.gson.GsonAutoConfiguration, org.springframework.boot.autoconfigure.hateoas.HypermediaAutoConfiguration, org.springframework.boot.autoconfigure.http.HttpMessageConvertersAutoConfiguration, org.springframework.boot.autoconfigure.jackson.JacksonAutoConfiguration, org.springframework.boot.autoconfigure.jsonb.JsonbAutoConfiguration, org.springframework.boot.autoconfigure.mustache.MustacheAutoConfiguration, org.springframework.boot.autoconfigure.task.TaskExecutionAutoConfiguration, org.springframework.boot.autoconfigure.thymeleaf.ThymeleafAutoConfiguration, org.springframework.boot.autoconfigure.validation.ValidationAutoConfiguration, org.springframework.boot.autoconfigure.web.servlet.error.ErrorMvcAutoConfiguration, org.springframework.boot.autoconfigure.web.servlet.WebMvcAutoConfiguration, org.springframework.boot.test.autoconfigure.web.servlet.MockMvcAutoConfiguration, org.springframework.boot.test.autoconfigure.web.servlet.MockMvcWebClientAutoConfiguration, org.springframework.boot.test.autoconfigure.web.servlet.MockMvcWebDriverAutoConfiguration, org.springframework.boot.autoconfigure.security.servlet.SecurityAutoConfiguration, org.springframework.boot.autoconfigure.security.servlet.UserDetailsServiceAutoConfiguration, org.springframework.boot.test.autoconfigure.web.servlet.MockMvcSecurityConfiguration]], org.springframework.boot.test.context.filter.ExcludeFilterContextCustomizer@74c469b, org.springframework.boot.test.json.DuplicateJsonObjectContextCustomizerFactory$DuplicateJsonObjectContextCustomizer@1e74a873, org.springframework.boot.test.mock.mockito.MockitoContextCustomizer@0], resourceBasePath = 'src/main/webapp', contextLoader = 'org.springframework.boot.test.context.SpringBootContextLoader', parent = [null]], attributes = map[[empty]]]].
16:55:02.943 [Test worker] DEBUG org.springframework.test.context.support.TestPropertySourceUtils - Adding inlined properties to environment: {spring.jmx.enabled=false, org.springframework.boot.test.autoconfigure.web.servlet.WebMvcTestContextBootstrapper=true, server.port=-1}

  .   ____          _            __ _ _
 /\\ / ___'_ __ _ _(_)_ __  __ _ \ \ \ \
( ( )\___ | '_ | '_| | '_ \/ _` | \ \ \ \
 \\/  ___)| |_)| | | | | || (_| |  ) ) ) )
  '  |____| .__|_| |_|_| |_\__, | / / / /
 =========|_|==============|___/=/_/_/_/
 :: Spring Boot ::        (v2.2.4.RELEASE)

2021-05-10 16:55:03.591  INFO 11180 --- [    Test worker] c.c.c.c.CoffeeCommandControllerTest      : Starting CoffeeCommandControllerTest on JOHNY-SOTO with PID 11180 (started by johny.soto in C:\ceiba\adn\coffee-shop-api\infrastructure)
2021-05-10 16:55:03.594  INFO 11180 --- [    Test worker] c.c.c.c.CoffeeCommandControllerTest      : No active profile set, falling back to default profiles: default
2021-05-10 16:55:04.947  INFO 11180 --- [    Test worker] com.zaxxer.hikari.HikariDataSource       : pool - Starting...
2021-05-10 16:55:05.279  INFO 11180 --- [    Test worker] com.zaxxer.hikari.HikariDataSource       : pool - Start completed.
2021-05-10 16:55:06.042  INFO 11180 --- [    Test worker] pertySourcedRequestMappingHandlerMapping : Mapped URL path [/v2/api-docs] onto method [springfox.documentation.swagger2.web.Swagger2Controller#getDocumentation(String, HttpServletRequest)]
2021-05-10 16:55:06.071  INFO 11180 --- [    Test worker] o.s.j.d.e.EmbeddedDatabaseFactory        : Starting embedded database: url='jdbc:h2:mem:testdb;DB_CLOSE_DELAY=-1;DB_CLOSE_ON_EXIT=false', username='sa'
2021-05-10 16:55:06.111  INFO 11180 --- [    Test worker] o.f.c.internal.license.VersionPrinter    : Flyway Community Edition 5.2.1 by Boxfuse
2021-05-10 16:55:06.134  INFO 11180 --- [    Test worker] o.f.c.internal.database.DatabaseFactory  : Database: jdbc:h2:mem:testdb (H2 1.4)
2021-05-10 16:55:06.223  INFO 11180 --- [    Test worker] o.f.core.internal.command.DbValidate     : Successfully validated 2 migrations (execution time 00:00.016s)
2021-05-10 16:55:06.230  INFO 11180 --- [    Test worker] o.f.c.i.s.JdbcTableSchemaHistory         : Creating Schema History table: "PUBLIC"."flyway_schema_history"
2021-05-10 16:55:06.249  INFO 11180 --- [    Test worker] o.f.core.internal.command.DbMigrate      : Current version of schema "PUBLIC": << Empty Schema >>
2021-05-10 16:55:06.250  INFO 11180 --- [    Test worker] o.f.core.internal.command.DbMigrate      : Migrating schema "PUBLIC" to version 1.0 - schema
2021-05-10 16:55:06.275  INFO 11180 --- [    Test worker] o.f.core.internal.command.DbMigrate      : Migrating schema "PUBLIC" to version 1.1 - data
2021-05-10 16:55:06.282  INFO 11180 --- [    Test worker] o.f.core.internal.command.DbMigrate      : Successfully applied 2 migrations to schema "PUBLIC" (execution time 00:00.052s)
2021-05-10 16:55:06.423  INFO 11180 --- [    Test worker] o.s.s.concurrent.ThreadPoolTaskExecutor  : Initializing ExecutorService 'applicationTaskExecutor'
2021-05-10 16:55:06.827  INFO 11180 --- [    Test worker] o.s.b.t.m.w.SpringBootMockServletContext : Initializing Spring TestDispatcherServlet ''
2021-05-10 16:55:06.827  INFO 11180 --- [    Test worker] o.s.t.web.servlet.TestDispatcherServlet  : Initializing Servlet ''
2021-05-10 16:55:06.842  INFO 11180 --- [    Test worker] o.s.t.web.servlet.TestDispatcherServlet  : Completed initialization in 15 ms
2021-05-10 16:55:06.874  INFO 11180 --- [    Test worker] d.s.w.p.DocumentationPluginsBootstrapper : Context refreshed
2021-05-10 16:55:06.914  INFO 11180 --- [    Test worker] d.s.w.p.DocumentationPluginsBootstrapper : Found 1 custom documentation plugin(s)
2021-05-10 16:55:06.966  INFO 11180 --- [    Test worker] s.d.s.w.s.ApiListingReferenceScanner     : Scanning for api listing references
2021-05-10 16:55:07.192  INFO 11180 --- [    Test worker] c.c.c.c.CoffeeCommandControllerTest      : Started CoffeeCommandControllerTest in 4.214 seconds (JVM running for 6.094)
]]></system-out>
  <system-err><![CDATA[]]></system-err>
</testsuite>
